--------------------
./configure --prefix=/home/projects/OpenFOAM/zlib-1.2.8/ClangBGQ39-r266865-stable --64 --shared
Tue Jul  5 14:26:24 UTC 2016
=== ztest21000.c ===
extern int getchar();
int hello() {return getchar();}
===
/home/projects/llvm/r266865-stable/bin/bgclang -c ztest21000.c
... using gcc

Checking for obsessive-compulsive compiler options...
=== ztest21000.c ===
int foo() { return 0; }
===
/home/projects/llvm/r266865-stable/bin/bgclang -c -O3 -m64 ztest21000.c

Checking for shared library support...
=== ztest21000.c ===
extern int getchar();
int hello() {return getchar();}
===
/home/projects/llvm/r266865-stable/bin/bgclang -w -c -O3 -fPIC -m64 ztest21000.c
/home/projects/llvm/r266865-stable/bin/bgclang -shared -Wl,-soname,libz.so.1,--version-script,zlib.map -O3 -fPIC -m64 -o ztest21000.so ztest21000.o
Building shared library libz.so.1.2.8 with /home/projects/llvm/r266865-stable/bin/bgclang.

=== ztest21000.c ===
#include <sys/types.h>
off64_t dummy = 0;
===
/home/projects/llvm/r266865-stable/bin/bgclang -c -O3 -m64 -D_LARGEFILE64_SOURCE=1 ztest21000.c
Checking for off64_t... Yes.
Checking for fseeko... Yes.

=== ztest21000.c ===
#include <string.h>
#include <errno.h>
int main() { return strlen(strerror(errno)); }
===
/home/projects/llvm/r266865-stable/bin/bgclang -O3 -m64 -D_LARGEFILE64_SOURCE=1 -o ztest21000 ztest21000.c
Checking for strerror... Yes.

=== ztest21000.c ===
#include <unistd.h>
int main() { return 0; }
===
/home/projects/llvm/r266865-stable/bin/bgclang -c -O3 -m64 -D_LARGEFILE64_SOURCE=1 ztest21000.c
Checking for unistd.h... Yes.

=== ztest21000.c ===
#include <stdarg.h>
int main() { return 0; }
===
/home/projects/llvm/r266865-stable/bin/bgclang -c -O3 -m64 -D_LARGEFILE64_SOURCE=1 ztest21000.c
Checking for stdarg.h... Yes.

=== ztest21000.c ===
#include <stdio.h>
#include <stdarg.h>
#include "zconf.h"
int main()
{
#ifndef STDC
  choke me
#endif
  return 0;
}
===
/home/projects/llvm/r266865-stable/bin/bgclang -c -O3 -m64 -D_LARGEFILE64_SOURCE=1 ztest21000.c
Checking whether to use vs[n]printf() or s[n]printf()... using vs[n]printf().

=== ztest21000.c ===
#include <stdio.h>
#include <stdarg.h>
int mytest(const char *fmt, ...)
{
  char buf[20];
  va_list ap;
  va_start(ap, fmt);
  vsnprintf(buf, sizeof(buf), fmt, ap);
  va_end(ap);
  return 0;
}
int main()
{
  return (mytest("Hello%d\n", 1));
}
===
/home/projects/llvm/r266865-stable/bin/bgclang -O3 -m64 -D_LARGEFILE64_SOURCE=1 -o ztest21000 ztest21000.c
Checking for vsnprintf() in stdio.h... Yes.

=== ztest21000.c ===
#include <stdio.h>
#include <stdarg.h>
int mytest(const char *fmt, ...)
{
  int n;
  char buf[20];
  va_list ap;
  va_start(ap, fmt);
  n = vsnprintf(buf, sizeof(buf), fmt, ap);
  va_end(ap);
  return n;
}
int main()
{
  return (mytest("Hello%d\n", 1));
}
===
/home/projects/llvm/r266865-stable/bin/bgclang -c -O3 -m64 -D_LARGEFILE64_SOURCE=1 ztest21000.c
Checking for return value of vsnprintf()... Yes.

=== ztest21000.c ===
#define ZLIB_INTERNAL __attribute__((visibility ("hidden")))
int ZLIB_INTERNAL foo;
int main()
{
  return 0;
}
===
/home/projects/llvm/r266865-stable/bin/bgclang -c -O3 -m64 -D_LARGEFILE64_SOURCE=1 ztest21000.c
Checking for attribute(visibility) support... Yes.

ALL = static shared all64
AR = ar
ARFLAGS = rc
CC = /home/projects/llvm/r266865-stable/bin/bgclang
CFLAGS = -O3 -m64 -D_LARGEFILE64_SOURCE=1 -DHAVE_HIDDEN
CPP = /home/projects/llvm/r266865-stable/bin/bgclang -E
EXE =
LDCONFIG = ldconfig
LDFLAGS =
LDSHARED = /home/projects/llvm/r266865-stable/bin/bgclang -shared -Wl,-soname,libz.so.1,--version-script,zlib.map
LDSHAREDLIBC = -lc
OBJC = $(OBJZ) $(OBJG)
PIC_OBJC = $(PIC_OBJZ) $(PIC_OBJG)
RANLIB = ranlib
SFLAGS = -O3 -fPIC -m64 -D_LARGEFILE64_SOURCE=1 -DHAVE_HIDDEN
SHAREDLIB = libz.so
SHAREDLIBM = libz.so.1
SHAREDLIBV = libz.so.1.2.8
STATICLIB = libz.a
TEST = all teststatic testshared test64
VER = 1.2.8
Z_U4 =
exec_prefix = ${prefix}
includedir = ${prefix}/include
libdir = ${exec_prefix}/lib
mandir = ${prefix}/share/man
prefix = /home/projects/OpenFOAM/zlib-1.2.8/ClangBGQ39-r266865-stable
sharedlibdir = ${libdir}
uname = Linux
--------------------


